<?xml version="1.0" encoding="UTF-8"?>
<!-- Generated by org.testng.reporters.JUnitReportReporter -->
<testsuite hostname="hp" name="com.automationpractices.testcases.ValidUser" tests="2" failures="0" timestamp="1 Nov 2018 09:28:02 GMT" time="2.894" errors="0">
  <testcase name="verifyLoginPage" time="0.057" classname="com.automationpractices.testcases.ValidUser"/>
  <testcase name="validUser" time="2.837" classname="com.automationpractices.testcases.ValidUser"/>
</testsuite> <!-- com.automationpractices.testcases.ValidUser -->
