<?xml version="1.0" encoding="UTF-8"?>
<!-- Generated by org.testng.reporters.JUnitReportReporter -->
<testsuite hostname="hp" name="com.automationpractices.testcases.InvalidUser" tests="2" failures="0" timestamp="1 Nov 2018 09:28:01 GMT" time="2.679" errors="0">
  <testcase name="verifyLoginPage" time="0.068" classname="com.automationpractices.testcases.InvalidUser"/>
  <testcase name="invalidUser" time="2.611" classname="com.automationpractices.testcases.InvalidUser"/>
</testsuite> <!-- com.automationpractices.testcases.InvalidUser -->
